2022-10-31 10:51:47.650 +0000 [debug] ([34mconfigs.js[0m) [31mloaded default configs as "{"updates":{"manifest_url":"https://ws.freshdev.io/cli/updates.json","period":24},"log":{"level":"info"},"javascript":{"ecma_version":2020}}"[0m
2022-10-31 10:51:47.651 +0000 [debug] ([34mfile-util.js[0m) [31mError while requiring /home/gitpod/.fdk/configs.json: Cannot find module '/home/gitpod/.fdk/configs.json'
Require stack:
- /workspace/React-TypeScript-Webpack-Starter/node_modules/fdk/lib/utils/file-util.js
- /workspace/React-TypeScript-Webpack-Starter/node_modules/fdk/lib/configs.js
- /workspace/React-TypeScript-Webpack-Starter/node_modules/fdk/lib/logger.js
- /workspace/React-TypeScript-Webpack-Starter/node_modules/fdk/index.js[0m
2022-10-31 10:51:47.651 +0000 [debug] ([34mconfigs.js[0m) [31mloaded global configs as "{}"[0m
2022-10-31 10:51:47.651 +0000 [debug] ([34mfile-util.js[0m) [31mError while requiring /workspace/React-TypeScript-Webpack-Starter/.fdk/configs.json: Cannot find module '/workspace/React-TypeScript-Webpack-Starter/.fdk/configs.json'
Require stack:
- /workspace/React-TypeScript-Webpack-Starter/node_modules/fdk/lib/utils/file-util.js
- /workspace/React-TypeScript-Webpack-Starter/node_modules/fdk/lib/configs.js
- /workspace/React-TypeScript-Webpack-Starter/node_modules/fdk/lib/logger.js
- /workspace/React-TypeScript-Webpack-Starter/node_modules/fdk/index.js[0m
2022-10-31 10:51:47.652 +0000 [debug] ([34mconfigs.js[0m) [31mloaded local configs as "{}"[0m
2022-10-31 10:51:47.652 +0000 [debug] ([34mconfigs.js[0m) [31mloaded env configs as "{"updates":{},"log":{},"javascript":{}}"[0m
2022-10-31 10:51:47.652 +0000 [debug] ([34mconfigs.js[0m) [31mloaded resolved configs as "{"updates":{"manifest_url":"https://ws.freshdev.io/cli/updates.json","period":24},"log":{"level":"info"},"javascript":{"ecma_version":2020}}"[0m
2022-10-31 10:51:47.652 +0000 [debug] ([34mlogger.js[0m) [31mStarting FDK in node v16.18.0 on linux[0m
2022-10-31 10:51:47.652 +0000 [debug] ([34msequelize.js[0m) [31msetting up sqilite at "/workspace/React-TypeScript-Webpack-Starter/.fdk/store.sqlite"[0m
2022-10-31 10:51:47.653 +0000 [error] [31m[ERROR][0m  Node.js version of 14.x.x is required to run this SDK. v16.18.0 found.
2022-10-31 10:52:39.180 +0000 [debug] ([34mconfigs.js[0m) [31mloaded default configs as "{"updates":{"manifest_url":"https://ws.freshdev.io/cli/updates.json","period":24},"log":{"level":"info"},"javascript":{"ecma_version":2020}}"[0m
2022-10-31 10:52:39.181 +0000 [debug] ([34mfile-util.js[0m) [31mError while requiring /home/gitpod/.fdk/configs.json: Cannot find module '/home/gitpod/.fdk/configs.json'
Require stack:
- /workspace/React-TypeScript-Webpack-Starter/node_modules/fdk/lib/utils/file-util.js
- /workspace/React-TypeScript-Webpack-Starter/node_modules/fdk/lib/configs.js
- /workspace/React-TypeScript-Webpack-Starter/node_modules/fdk/lib/logger.js
- /workspace/React-TypeScript-Webpack-Starter/node_modules/fdk/index.js[0m
2022-10-31 10:52:39.182 +0000 [debug] ([34mconfigs.js[0m) [31mloaded global configs as "{}"[0m
2022-10-31 10:52:39.182 +0000 [debug] ([34mfile-util.js[0m) [31mError while requiring /workspace/React-TypeScript-Webpack-Starter/.fdk/configs.json: Cannot find module '/workspace/React-TypeScript-Webpack-Starter/.fdk/configs.json'
Require stack:
- /workspace/React-TypeScript-Webpack-Starter/node_modules/fdk/lib/utils/file-util.js
- /workspace/React-TypeScript-Webpack-Starter/node_modules/fdk/lib/configs.js
- /workspace/React-TypeScript-Webpack-Starter/node_modules/fdk/lib/logger.js
- /workspace/React-TypeScript-Webpack-Starter/node_modules/fdk/index.js[0m
2022-10-31 10:52:39.182 +0000 [debug] ([34mconfigs.js[0m) [31mloaded local configs as "{}"[0m
2022-10-31 10:52:39.182 +0000 [debug] ([34mconfigs.js[0m) [31mloaded env configs as "{"updates":{},"log":{},"javascript":{}}"[0m
2022-10-31 10:52:39.182 +0000 [debug] ([34mconfigs.js[0m) [31mloaded resolved configs as "{"updates":{"manifest_url":"https://ws.freshdev.io/cli/updates.json","period":24},"log":{"level":"info"},"javascript":{"ecma_version":2020}}"[0m
2022-10-31 10:52:39.183 +0000 [debug] ([34mlogger.js[0m) [31mStarting FDK in node v14.20.1 on linux[0m
2022-10-31 10:52:39.183 +0000 [debug] ([34msequelize.js[0m) [31msetting up sqilite at "/workspace/React-TypeScript-Webpack-Starter/.fdk/store.sqlite"[0m
2022-10-31 10:52:39.183 +0000 [debug] ([34mindex.js[0m) [31mRunning with args {"cmd":"run","gopts":{},"opts":{},"goptArg":{},"optArg":{},"args":[]}[0m
2022-10-31 10:52:39.183 +0000 [debug] ([34mdata-util.js[0m) [31mRead {}[0m
2022-10-31 10:52:39.183 +0000 [debug] ([34mupdater.js[0m) [31munknown last check, likely a new installation, looking for updates again[0m
2022-10-31 10:52:39.387 +0000 [debug] ([34mupdater.js[0m) [31mdownloaded update manifest as {"cli":{"deprecated":{"version":"<8","message":"This FDK version will be deprecated by September 30, 2022. There will be no further feature updates to this version. For a seamless app building experience, ensure to move to the latest FDK version. For more information, see https://community.developers.freshworks.com/t/5433."},"forced":{"version":"7.0.0","command":"npm install https://dl.freshdev.io/cli/fdk-7.0.0.tgz -g","message":"Your FDK version has been forced updated to v7.0.0, please visit https://community.developers.freshworks.com/t/fdk-v7-0-announcing-node-js-v12-and-es6-support/3606 to know more"},"latest":{"version":"8.6.5","command":"npm install https://dl.freshdev.io/cli/fdk.tgz -g","message":""}},"addon":{"version":"1.11.1","url":"https://dl.freshdev.io/cli-addon/addon.zip"}}[0m
2022-10-31 10:52:39.387 +0000 [debug] ([34mdata-util.js[0m) [31mRead {}[0m
2022-10-31 10:52:39.933 +0000 [debug] ([34mdata-util.js[0m) [31mRead {}[0m
2022-10-31 12:26:41.229 +0000 [debug] ([34mconfigs.js[0m) [31mloaded default configs as "{"updates":{"manifest_url":"https://ws.freshdev.io/cli/updates.json","period":24},"log":{"level":"info"},"javascript":{"ecma_version":2020}}"[0m
2022-10-31 12:26:41.231 +0000 [debug] ([34mfile-util.js[0m) [31mError while requiring /home/gitpod/.fdk/configs.json: Cannot find module '/home/gitpod/.fdk/configs.json'
Require stack:
- /workspace/React-TypeScript-Webpack-Starter/node_modules/fdk/lib/utils/file-util.js
- /workspace/React-TypeScript-Webpack-Starter/node_modules/fdk/lib/configs.js
- /workspace/React-TypeScript-Webpack-Starter/node_modules/fdk/lib/logger.js
- /workspace/React-TypeScript-Webpack-Starter/node_modules/fdk/index.js[0m
2022-10-31 12:26:41.231 +0000 [debug] ([34mconfigs.js[0m) [31mloaded global configs as "{}"[0m
2022-10-31 12:26:41.231 +0000 [debug] ([34mfile-util.js[0m) [31mError while requiring /workspace/React-TypeScript-Webpack-Starter/.fdk/configs.json: Cannot find module '/workspace/React-TypeScript-Webpack-Starter/.fdk/configs.json'
Require stack:
- /workspace/React-TypeScript-Webpack-Starter/node_modules/fdk/lib/utils/file-util.js
- /workspace/React-TypeScript-Webpack-Starter/node_modules/fdk/lib/configs.js
- /workspace/React-TypeScript-Webpack-Starter/node_modules/fdk/lib/logger.js
- /workspace/React-TypeScript-Webpack-Starter/node_modules/fdk/index.js[0m
2022-10-31 12:26:41.232 +0000 [debug] ([34mconfigs.js[0m) [31mloaded local configs as "{}"[0m
2022-10-31 12:26:41.232 +0000 [debug] ([34mconfigs.js[0m) [31mloaded env configs as "{"updates":{},"log":{},"javascript":{}}"[0m
2022-10-31 12:26:41.232 +0000 [debug] ([34mconfigs.js[0m) [31mloaded resolved configs as "{"updates":{"manifest_url":"https://ws.freshdev.io/cli/updates.json","period":24},"log":{"level":"info"},"javascript":{"ecma_version":2020}}"[0m
2022-10-31 12:26:41.232 +0000 [debug] ([34mlogger.js[0m) [31mStarting FDK in node v16.18.0 on linux[0m
2022-10-31 12:26:41.233 +0000 [debug] ([34msequelize.js[0m) [31msetting up sqilite at "/workspace/React-TypeScript-Webpack-Starter/.fdk/store.sqlite"[0m
2022-10-31 12:26:41.234 +0000 [error] [31m[ERROR][0m  Node.js version of 14.x.x is required to run this SDK. v16.18.0 found.
2022-10-31 12:27:08.528 +0000 [debug] ([34mconfigs.js[0m) [31mloaded default configs as "{"updates":{"manifest_url":"https://ws.freshdev.io/cli/updates.json","period":24},"log":{"level":"info"},"javascript":{"ecma_version":2020}}"[0m
2022-10-31 12:27:08.529 +0000 [debug] ([34mfile-util.js[0m) [31mError while requiring /home/gitpod/.fdk/configs.json: Cannot find module '/home/gitpod/.fdk/configs.json'
Require stack:
- /workspace/React-TypeScript-Webpack-Starter/node_modules/fdk/lib/utils/file-util.js
- /workspace/React-TypeScript-Webpack-Starter/node_modules/fdk/lib/configs.js
- /workspace/React-TypeScript-Webpack-Starter/node_modules/fdk/lib/logger.js
- /workspace/React-TypeScript-Webpack-Starter/node_modules/fdk/index.js[0m
2022-10-31 12:27:08.529 +0000 [debug] ([34mconfigs.js[0m) [31mloaded global configs as "{}"[0m
2022-10-31 12:27:08.529 +0000 [debug] ([34mfile-util.js[0m) [31mError while requiring /workspace/React-TypeScript-Webpack-Starter/.fdk/configs.json: Cannot find module '/workspace/React-TypeScript-Webpack-Starter/.fdk/configs.json'
Require stack:
- /workspace/React-TypeScript-Webpack-Starter/node_modules/fdk/lib/utils/file-util.js
- /workspace/React-TypeScript-Webpack-Starter/node_modules/fdk/lib/configs.js
- /workspace/React-TypeScript-Webpack-Starter/node_modules/fdk/lib/logger.js
- /workspace/React-TypeScript-Webpack-Starter/node_modules/fdk/index.js[0m
2022-10-31 12:27:08.529 +0000 [debug] ([34mconfigs.js[0m) [31mloaded local configs as "{}"[0m
2022-10-31 12:27:08.530 +0000 [debug] ([34mconfigs.js[0m) [31mloaded env configs as "{"updates":{},"log":{},"javascript":{}}"[0m
2022-10-31 12:27:08.530 +0000 [debug] ([34mconfigs.js[0m) [31mloaded resolved configs as "{"updates":{"manifest_url":"https://ws.freshdev.io/cli/updates.json","period":24},"log":{"level":"info"},"javascript":{"ecma_version":2020}}"[0m
2022-10-31 12:27:08.530 +0000 [debug] ([34mlogger.js[0m) [31mStarting FDK in node v14.20.1 on linux[0m
2022-10-31 12:27:08.530 +0000 [debug] ([34msequelize.js[0m) [31msetting up sqilite at "/workspace/React-TypeScript-Webpack-Starter/.fdk/store.sqlite"[0m
2022-10-31 12:27:08.530 +0000 [debug] ([34mindex.js[0m) [31mRunning with args {"cmd":"run","gopts":{},"opts":{},"goptArg":{},"optArg":{},"args":[]}[0m
2022-10-31 12:27:08.530 +0000 [debug] ([34mdata-util.js[0m) [31mRead {}[0m
2022-10-31 12:27:08.530 +0000 [debug] ([34mupdater.js[0m) [31munknown last check, likely a new installation, looking for updates again[0m
2022-10-31 12:27:08.771 +0000 [debug] ([34mupdater.js[0m) [31mdownloaded update manifest as {"cli":{"deprecated":{"version":"<8","message":"This FDK version will be deprecated by September 30, 2022. There will be no further feature updates to this version. For a seamless app building experience, ensure to move to the latest FDK version. For more information, see https://community.developers.freshworks.com/t/5433."},"forced":{"version":"7.0.0","command":"npm install https://dl.freshdev.io/cli/fdk-7.0.0.tgz -g","message":"Your FDK version has been forced updated to v7.0.0, please visit https://community.developers.freshworks.com/t/fdk-v7-0-announcing-node-js-v12-and-es6-support/3606 to know more"},"latest":{"version":"8.6.5","command":"npm install https://dl.freshdev.io/cli/fdk.tgz -g","message":""}},"addon":{"version":"1.11.1","url":"https://dl.freshdev.io/cli-addon/addon.zip"}}[0m
2022-10-31 12:27:08.772 +0000 [debug] ([34mdata-util.js[0m) [31mRead {}[0m
2022-10-31 12:27:09.619 +0000 [debug] ([34mdata-util.js[0m) [31mRead {}[0m
